<?xml version="1.0" encoding="UTF-8"?>
<!-- Generated by org.testng.reporters.JUnitReportReporter -->
<testsuite hostname="LenovoRRB" failures="0" tests="1" name="Test.RecipeScrappingTest" time="3886.111" errors="0" timestamp="2025-09-23T15:00:51 CDT" skipped="0">
  <testcase classname="Test.RecipeScrappingTest" name="scrapeAndFilterRecipes" time="3886.111"/>
</testsuite> <!-- Test.RecipeScrappingTest -->
